{"contracts/MineableToken.sol":{"l":{"61":2,"62":2,"63":2,"64":2,"65":2,"66":2,"67":2,"71":6,"72":4,"81":7,"92":4,"94":4,"104":0,"108":0,"113":0,"119":0,"124":3,"125":3},"path":"/Users/adam/GoogleDrive/Projects/Liberation/MineableToken/contracts/MineableToken.sol","s":{"1":2,"2":2,"3":2,"4":2,"5":2,"6":2,"7":2,"8":6,"9":7,"10":4,"11":4,"12":0,"13":0,"14":0,"15":0,"16":3,"17":3},"b":{"1":[4,2],"2":[3,0]},"f":{"1":2,"2":6,"3":7,"4":4,"5":0,"6":0,"7":0,"8":0,"9":3},"fnMap":{"1":{"name":null,"line":60,"loc":{"start":{"line":60,"column":2},"end":{"line":60,"column":67}}},"2":{"name":"checkGasPrice","line":70,"loc":{"start":{"line":70,"column":2},"end":{"line":70,"column":39}}},"3":{"name":"approve","line":80,"loc":{"start":{"line":80,"column":2},"end":{"line":80,"column":88}}},"4":{"name":"setGasPriceLimit","line":88,"loc":{"start":{"line":88,"column":3},"end":{"line":90,"column":12}}},"5":{"name":"getChallengeNumber","line":103,"loc":{"start":{"line":103,"column":4},"end":{"line":103,"column":65}}},"6":{"name":"getMiningTarget","line":107,"loc":{"start":{"line":107,"column":4},"end":{"line":107,"column":59}}},"7":{"name":"getMiningDifficulty","line":112,"loc":{"start":{"line":112,"column":4},"end":{"line":112,"column":63}}},"8":{"name":"getMiningReward","line":117,"loc":{"start":{"line":117,"column":4},"end":{"line":117,"column":59}}},"9":{"name":"mint","line":122,"loc":{"start":{"line":122,"column":4},"end":{"line":122,"column":47}}}},"statementMap":{"1":{"start":{"line":61,"column":4},"end":{"line":61,"column":15}},"2":{"start":{"line":62,"column":4},"end":{"line":62,"column":19}},"3":{"start":{"line":63,"column":4},"end":{"line":63,"column":23}},"4":{"start":{"line":64,"column":4},"end":{"line":64,"column":22}},"5":{"start":{"line":65,"column":4},"end":{"line":65,"column":22}},"6":{"start":{"line":66,"column":4},"end":{"line":66,"column":23}},"7":{"start":{"line":67,"column":4},"end":{"line":67,"column":32}},"8":{"start":{"line":71,"column":4},"end":{"line":71,"column":24}},"9":{"start":{"line":81,"column":4},"end":{"line":81,"column":42}},"10":{"start":{"line":92,"column":5},"end":{"line":92,"column":29}},"11":{"start":{"line":94,"column":5},"end":{"line":94,"column":32}},"12":{"start":{"line":104,"column":8},"end":{"line":104,"column":30}},"13":{"start":{"line":108,"column":7},"end":{"line":108,"column":26}},"14":{"start":{"line":113,"column":6},"end":{"line":113,"column":42}},"15":{"start":{"line":119,"column":6},"end":{"line":119,"column":62}},"16":{"start":{"line":124,"column":6},"end":{"line":124,"column":55}},"17":{"start":{"line":125,"column":6},"end":{"line":125,"column":44}}},"branchMap":{"1":{"line":71,"type":"if","locations":[{"start":{"line":71,"column":4},"end":{"line":71,"column":4}},{"start":{"line":71,"column":4},"end":{"line":71,"column":4}}]},"2":{"line":124,"type":"if","locations":[{"start":{"line":124,"column":6},"end":{"line":124,"column":6}},{"start":{"line":124,"column":6},"end":{"line":124,"column":6}}]}}}}