{"contracts/MineableToken.sol":{"l":{"61":2,"62":2,"63":2,"64":2,"65":2,"66":2,"67":2,"69":2,"73":6,"74":4,"83":7,"94":4,"96":4,"106":1,"110":1,"115":1,"121":1,"126":3,"127":3},"path":"/Users/adam/GoogleDrive/Projects/Liberation/MineableToken/contracts/MineableToken.sol","s":{"1":2,"2":2,"3":2,"4":2,"5":2,"6":2,"7":2,"8":2,"9":6,"10":7,"11":4,"12":4,"13":1,"14":1,"15":1,"16":1,"17":3,"18":3},"b":{"1":[4,2],"2":[3,0]},"f":{"1":2,"2":6,"3":7,"4":4,"5":1,"6":1,"7":1,"8":1,"9":3},"fnMap":{"1":{"name":null,"line":60,"loc":{"start":{"line":60,"column":2},"end":{"line":60,"column":67}}},"2":{"name":"checkGasPrice","line":72,"loc":{"start":{"line":72,"column":2},"end":{"line":72,"column":39}}},"3":{"name":"approve","line":82,"loc":{"start":{"line":82,"column":2},"end":{"line":82,"column":88}}},"4":{"name":"setGasPriceLimit","line":90,"loc":{"start":{"line":90,"column":3},"end":{"line":92,"column":12}}},"5":{"name":"getChallengeNumber","line":105,"loc":{"start":{"line":105,"column":4},"end":{"line":105,"column":65}}},"6":{"name":"getMiningTarget","line":109,"loc":{"start":{"line":109,"column":4},"end":{"line":109,"column":59}}},"7":{"name":"getMiningDifficulty","line":114,"loc":{"start":{"line":114,"column":4},"end":{"line":114,"column":63}}},"8":{"name":"getMiningReward","line":119,"loc":{"start":{"line":119,"column":4},"end":{"line":119,"column":59}}},"9":{"name":"mint","line":124,"loc":{"start":{"line":124,"column":4},"end":{"line":124,"column":47}}}},"statementMap":{"1":{"start":{"line":61,"column":4},"end":{"line":61,"column":15}},"2":{"start":{"line":62,"column":4},"end":{"line":62,"column":19}},"3":{"start":{"line":63,"column":4},"end":{"line":63,"column":23}},"4":{"start":{"line":64,"column":4},"end":{"line":64,"column":22}},"5":{"start":{"line":65,"column":4},"end":{"line":65,"column":22}},"6":{"start":{"line":66,"column":4},"end":{"line":66,"column":23}},"7":{"start":{"line":67,"column":4},"end":{"line":67,"column":32}},"8":{"start":{"line":69,"column":4},"end":{"line":69,"column":29}},"9":{"start":{"line":73,"column":4},"end":{"line":73,"column":24}},"10":{"start":{"line":83,"column":4},"end":{"line":83,"column":42}},"11":{"start":{"line":94,"column":5},"end":{"line":94,"column":29}},"12":{"start":{"line":96,"column":5},"end":{"line":96,"column":32}},"13":{"start":{"line":106,"column":8},"end":{"line":106,"column":30}},"14":{"start":{"line":110,"column":7},"end":{"line":110,"column":26}},"15":{"start":{"line":115,"column":6},"end":{"line":115,"column":42}},"16":{"start":{"line":121,"column":6},"end":{"line":121,"column":62}},"17":{"start":{"line":126,"column":6},"end":{"line":126,"column":55}},"18":{"start":{"line":127,"column":6},"end":{"line":127,"column":44}}},"branchMap":{"1":{"line":73,"type":"if","locations":[{"start":{"line":73,"column":4},"end":{"line":73,"column":4}},{"start":{"line":73,"column":4},"end":{"line":73,"column":4}}]},"2":{"line":126,"type":"if","locations":[{"start":{"line":126,"column":6},"end":{"line":126,"column":6}},{"start":{"line":126,"column":6},"end":{"line":126,"column":6}}]}}}}