TN:
SF:/Users/adam/GoogleDrive/Projects/Liberation/MineableToken/contracts/MineableToken.sol
FN:76,
FN:104,checkGasPrice
FN:110,
FN:118,transferAnyERC20Token
FN:127,approve
FN:135,setGasPriceLimit
FN:149,getChallengeNumber
FN:153,getMiningTarget
FN:158,getMiningDifficulty
FN:163,getMiningReward
FN:173,mint
FN:179,_startNewMiningEpoch
FN:182,_reAdjustDifficulty
FN:185,getMintDigest
FN:191,checkMintSolution
FNF:15
FNH:9
FNDA:2,
FNDA:3,checkGasPrice
FNDA:0,
FNDA:0,transferAnyERC20Token
FNDA:7,approve
FNDA:6,setGasPriceLimit
FNDA:1,getChallengeNumber
FNDA:1,getMiningTarget
FNDA:1,getMiningDifficulty
FNDA:1,getMiningReward
FNDA:3,mint
FNDA:0,_startNewMiningEpoch
FNDA:0,_reAdjustDifficulty
FNDA:0,getMintDigest
FNDA:0,checkMintSolution
DA:77,2
DA:78,2
DA:79,2
DA:80,2
DA:81,2
DA:82,2
DA:85,2
DA:86,2
DA:87,2
DA:88,2
DA:89,2
DA:90,2
DA:91,2
DA:95,2
DA:96,2
DA:105,3
DA:106,3
DA:128,7
DA:138,6
DA:139,4
DA:141,4
DA:150,1
DA:154,1
DA:159,1
DA:164,1
DA:165,1
DA:168,0
DA:175,3
DA:186,0
DA:187,0
DA:192,0
DA:193,0
DA:195,0
LF:33
LH:27
BRDA:105,1,0,3
BRDA:105,1,1,0
BRDA:138,2,0,4
BRDA:138,2,1,2
BRDA:164,3,0,1
BRDA:164,3,1,0
BRDA:193,4,0,0
BRDA:193,4,1,0
BRF:8
BRH:4
end_of_record
