TN:
SF:/Users/adam/GoogleDrive/Projects/Liberation/MineableToken/contracts/MineableToken.sol
FN:61,
FN:90,checkGasPrice
FN:96,
FN:104,transferAnyERC20Token
FN:113,approve
FN:121,setGasPriceLimit
FN:136,getChallengeNumber
FN:140,getMiningTarget
FN:145,getMiningDifficulty
FN:150,getMiningReward
FN:159,mint
FN:170,getMintDigest
FN:176,checkMintSolution
FNF:13
FNH:9
FNDA:2,
FNDA:3,checkGasPrice
FNDA:0,
FNDA:0,transferAnyERC20Token
FNDA:7,approve
FNDA:6,setGasPriceLimit
FNDA:1,getChallengeNumber
FNDA:1,getMiningTarget
FNDA:1,getMiningDifficulty
FNDA:1,getMiningReward
FNDA:3,mint
FNDA:0,getMintDigest
FNDA:0,checkMintSolution
DA:62,2
DA:63,2
DA:64,2
DA:65,2
DA:66,2
DA:67,2
DA:70,2
DA:71,2
DA:72,2
DA:73,2
DA:74,2
DA:75,2
DA:76,2
DA:80,2
DA:81,2
DA:91,3
DA:92,3
DA:114,7
DA:124,6
DA:125,4
DA:127,4
DA:137,1
DA:141,1
DA:146,1
DA:151,1
DA:152,1
DA:155,0
DA:166,3
DA:171,0
DA:172,0
DA:177,0
DA:178,0
DA:180,0
LF:33
LH:27
BRDA:91,1,0,3
BRDA:91,1,1,0
BRDA:124,2,0,4
BRDA:124,2,1,2
BRDA:151,3,0,1
BRDA:151,3,1,0
BRDA:178,4,0,0
BRDA:178,4,1,0
BRF:8
BRH:4
end_of_record
